<?xml version="1.0" encoding="utf-8" standalone="no"?>
<test-run id="2" testcasecount="0" result="Failed" label="Invalid" total="0" passed="0" failed="0" inconclusive="0" skipped="0" asserts="0" engine-version="3.8.0.0" clr-version="4.0.30319.42000" start-time="2018-03-15 01:12:34Z" end-time="2018-03-15 01:12:35Z" duration="1.426505">
  <command-line><![CDATA["C:\workspaces\OutlookRecipientConfirmationAddin\sourcecode\.\packages\NUnit.ConsoleRunner.3.8.0\tools\nunit3-console.exe" ORCAUnitTest.dll]]></command-line>
  <test-suite type="Assembly" id="0-1" name="ORCAUnitTest.dll" fullname="C:\workspaces\OutlookRecipientConfirmationAddin\sourcecode\ORCAUnitTest.dll" testcasecount="0" runstate="NotRunnable" result="Failed" label="Invalid">
    <properties>
      <property name="_SKIPREASON" value="File not found: C:\workspaces\OutlookRecipientConfirmationAddin\sourcecode\ORCAUnitTest.dll" />
    </properties>
    <reason>
      <message>File not found: C:\workspaces\OutlookRecipientConfirmationAddin\sourcecode\ORCAUnitTest.dll</message>
    </reason>
  </test-suite>
</test-run>